<?xml version="1.0" encoding="UTF-8"?>
<!-- Generated by org.testng.reporters.JUnitReportReporter -->
<testsuite hostname="mac-MacBook-Pro-2.local" name="com.N11.TestN11" tests="1" failures="0" timestamp="13 Apr 2019 12:58:31 GMT" time="21.482" errors="0">
  <testcase name="N11ProductSearch" time="21.482" classname="com.N11.TestN11"/>
</testsuite> <!-- com.N11.TestN11 -->
