<?xml version="1.0" encoding="UTF-8"?>
<!-- Generated by org.testng.reporters.JUnitReportReporter -->
<testsuite hostname="mac-MacBook-Pro-2.local" name="com.N11.NewTest" tests="1" failures="0" timestamp="9 Apr 2019 16:52:50 GMT" time="5.426" errors="0">
  <testcase name="f" time="5.426" classname="com.N11.NewTest"/>
</testsuite> <!-- com.N11.NewTest -->
